0 info it worked if it ends with ok
1 verbose cli [ 'node', '/usr/local/bin/npm', 'run', 'assets/pull' ]
2 info using npm@2.7.5
3 info using node@v0.12.2
4 verbose node symlink /usr/local/bin/node
5 verbose run-script [ 'preassets/pull', 'assets/pull', 'postassets/pull' ]
6 info preassets/pull @
7 info assets/pull @
8 verbose unsafe-perm in lifecycle true
9 info @ Failed to exec assets/pull script
10 verbose stack Error: @ assets/pull: `./bin/pull_assets_from_s3.sh`
10 verbose stack Exit status 2
10 verbose stack     at EventEmitter.<anonymous> (/usr/local/lib/node_modules/npm/lib/utils/lifecycle.js:213:16)
10 verbose stack     at EventEmitter.emit (events.js:110:17)
10 verbose stack     at ChildProcess.<anonymous> (/usr/local/lib/node_modules/npm/lib/utils/spawn.js:14:12)
10 verbose stack     at ChildProcess.emit (events.js:110:17)
10 verbose stack     at maybeClose (child_process.js:1015:16)
10 verbose stack     at Process.ChildProcess._handle.onexit (child_process.js:1087:5)
11 verbose pkgid @
12 verbose cwd /Users/joliemccullough/Desktop/tribune/newsapps-styleguide-2.0
13 error Darwin 14.1.0
14 error argv "node" "/usr/local/bin/npm" "run" "assets/pull"
15 error node v0.12.2
16 error npm  v2.7.5
17 error code ELIFECYCLE
18 error @ assets/pull: `./bin/pull_assets_from_s3.sh`
18 error Exit status 2
19 error Failed at the @ assets/pull script './bin/pull_assets_from_s3.sh'.
19 error This is most likely a problem with the  package,
19 error not with npm itself.
19 error Tell the author that this fails on your system:
19 error     ./bin/pull_assets_from_s3.sh
19 error You can get their info via:
19 error     npm owner ls
19 error There is likely additional logging output above.
20 verbose exit [ 1, true ]
